# Activity Log

> Real-time tool call logging from stream-parser.


═══════════════════════════════════════════════════════════════
Ralph Session Started: Sun Mar 29 05:40:30 PM PDT 2026
═══════════════════════════════════════════════════════════════
[17:40:31] 🟢 TOKENS: 750 / 80000 (0%) [read:0KB write:0KB assist:0KB shell:0KB]

═══════════════════════════════════════════════════════════════
Ralph Session Started: Sun Mar 29 05:45:06 PM PDT 2026
═══════════════════════════════════════════════════════════════
[17:45:07] 🟢 TOKENS: 750 / 80000 (0%) [read:0KB write:0KB assist:0KB shell:0KB]

═══════════════════════════════════════════════════════════════
Ralph Session Started: Sun Mar 29 05:45:45 PM PDT 2026
═══════════════════════════════════════════════════════════════
[17:45:46] 🟢 TOKENS: 750 / 80000 (0%) [read:0KB write:0KB assist:0KB shell:0KB]

═══════════════════════════════════════════════════════════════
Ralph Session Started: Sun Mar 29 05:46:42 PM PDT 2026
═══════════════════════════════════════════════════════════════
[17:46:42] 🟢 TOKENS: 750 / 80000 (0%) [read:0KB write:0KB assist:0KB shell:0KB]

═══════════════════════════════════════════════════════════════
Ralph Session Started: Sun Mar 29 05:46:45 PM PDT 2026
═══════════════════════════════════════════════════════════════
[17:46:45] 🟢 TOKENS: 750 / 80000 (0%) [read:0KB write:0KB assist:0KB shell:0KB]

═══════════════════════════════════════════════════════════════
Ralph Session Started: Sun Mar 29 05:46:47 PM PDT 2026
═══════════════════════════════════════════════════════════════
[17:46:48] 🟢 TOKENS: 750 / 80000 (0%) [read:0KB write:0KB assist:0KB shell:0KB]

═══════════════════════════════════════════════════════════════
Ralph Session Started: Sun Mar 29 05:46:50 PM PDT 2026
═══════════════════════════════════════════════════════════════
[17:46:51] 🟢 TOKENS: 750 / 80000 (0%) [read:0KB write:0KB assist:0KB shell:0KB]

═══════════════════════════════════════════════════════════════
Ralph Session Started: Sun Mar 29 05:46:54 PM PDT 2026
═══════════════════════════════════════════════════════════════

═══════════════════════════════════════════════════════════════
Ralph Session Started: Sun Mar 29 05:48:52 PM PDT 2026
═══════════════════════════════════════════════════════════════
[17:48:53] 🟢 TOKENS: 750 / 80000 (0%) [read:0KB write:0KB assist:0KB shell:0KB]

═══════════════════════════════════════════════════════════════
Ralph Session Started: Sun Mar 29 05:48:55 PM PDT 2026
═══════════════════════════════════════════════════════════════
[17:48:56] 🟢 TOKENS: 750 / 80000 (0%) [read:0KB write:0KB assist:0KB shell:0KB]

═══════════════════════════════════════════════════════════════
Ralph Session Started: Sun Mar 29 05:48:58 PM PDT 2026
═══════════════════════════════════════════════════════════════

═══════════════════════════════════════════════════════════════
Ralph Session Started: Sun Mar 29 05:50:21 PM PDT 2026
═══════════════════════════════════════════════════════════════
[17:50:22] 🟢 TOKENS: 750 / 80000 (0%) [read:0KB write:0KB assist:0KB shell:0KB]

═══════════════════════════════════════════════════════════════
Ralph Session Started: Sun Mar 29 05:50:24 PM PDT 2026
═══════════════════════════════════════════════════════════════
[17:50:25] 🟢 TOKENS: 750 / 80000 (0%) [read:0KB write:0KB assist:0KB shell:0KB]

═══════════════════════════════════════════════════════════════
Ralph Session Started: Sun Mar 29 05:50:27 PM PDT 2026
═══════════════════════════════════════════════════════════════

═══════════════════════════════════════════════════════════════
Ralph Session Started: Sun Mar 29 05:55:23 PM PDT 2026
═══════════════════════════════════════════════════════════════
[17:55:24] 🟢 TOKENS: 750 / 80000 (0%) [read:0KB write:0KB assist:0KB shell:0KB]

═══════════════════════════════════════════════════════════════
Ralph Session Started: Sun Mar 29 05:56:48 PM PDT 2026
═══════════════════════════════════════════════════════════════
[17:56:49] 🟢 TOKENS: 750 / 80000 (0%) [read:0KB write:0KB assist:0KB shell:0KB]

═══════════════════════════════════════════════════════════════
Ralph Session Started: Sun Mar 29 05:57:07 PM PDT 2026
═══════════════════════════════════════════════════════════════
[17:57:08] 🟢 TOKENS: 750 / 80000 (0%) [read:0KB write:0KB assist:0KB shell:0KB]

═══════════════════════════════════════════════════════════════
Ralph Session Started: Sun Mar 29 05:57:55 PM PDT 2026
═══════════════════════════════════════════════════════════════
[17:57:56] 🟢 TOKENS: 750 / 80000 (0%) [read:0KB write:0KB assist:0KB shell:0KB]

═══════════════════════════════════════════════════════════════
Ralph Session Started: Sun Mar 29 05:59:14 PM PDT 2026
═══════════════════════════════════════════════════════════════
[17:59:15] 🟢 TOKENS: 750 / 80000 (0%) [read:0KB write:0KB assist:0KB shell:0KB]

═══════════════════════════════════════════════════════════════
Ralph Session Started: Sun Mar 29 05:59:17 PM PDT 2026
═══════════════════════════════════════════════════════════════
[17:59:18] 🟢 TOKENS: 750 / 80000 (0%) [read:0KB write:0KB assist:0KB shell:0KB]

═══════════════════════════════════════════════════════════════
Ralph Session Started: Sun Mar 29 05:59:20 PM PDT 2026
═══════════════════════════════════════════════════════════════
[17:59:21] 🟢 TOKENS: 750 / 80000 (0%) [read:0KB write:0KB assist:0KB shell:0KB]

═══════════════════════════════════════════════════════════════
Ralph Session Started: Sun Mar 29 06:03:59 PM PDT 2026
═══════════════════════════════════════════════════════════════
[18:04:00] 🟢 TOKENS: 750 / 80000 (0%) [read:0KB write:0KB assist:0KB shell:0KB]

═══════════════════════════════════════════════════════════════
Ralph Session Started: Sun Mar 29 06:09:49 PM PDT 2026
═══════════════════════════════════════════════════════════════
[18:09:50] 🟢 TOKENS: 750 / 80000 (0%) [read:0KB write:0KB assist:0KB shell:0KB]

═══════════════════════════════════════════════════════════════
Ralph Session Started: Sun Mar 29 06:10:06 PM PDT 2026
═══════════════════════════════════════════════════════════════
[18:10:07] 🟢 TOKENS: 750 / 80000 (0%) [read:0KB write:0KB assist:0KB shell:0KB]
